<?xml version="1.0" encoding="UTF-8"?>
<!-- Generated by org.testng.reporters.JUnitReportReporter -->
<testsuite hostname="DESKTOP-GI278DQ" failures="0" tests="4" name="testRunner.RunnerClass" time="240.304" errors="0" timestamp="16 Feb 2025 09:09:02 GMT" skipped="0">
  <testcase classname="testRunner.RunnerClass" name="runScenario" time="59.839"/>
  <testcase classname="testRunner.RunnerClass" name="runScenario" time="63.199"/>
  <testcase classname="testRunner.RunnerClass" name="runScenario" time="60.845"/>
  <testcase classname="testRunner.RunnerClass" name="runScenario" time="56.421"/>
</testsuite> <!-- testRunner.RunnerClass -->
